d:\vs_workspace\maths_problem\maths_problem\debug\vc141.pdb
d:\vs_workspace\maths_problem\maths_problem\debug\vc141.idb
d:\vs_workspace\maths_problem\maths_problem\debug\数位拆解_39.obj
d:\vs_workspace\maths_problem\maths_problem\debug\又一版a+b_43.obj
d:\vs_workspace\maths_problem\maths_problem\debug\数制转换_44.obj
d:\vs_workspace\maths_problem\maths_problem\debug\素数_51.obj
d:\vs_workspace\maths_problem\maths_problem\debug\整除问题_55.obj
d:\vs_workspace\maths_problem\maths_problem\debug\人见人爱a^b_v2.obj
d:\vs_workspace\maths_problem\maths_problem\debug\大整数阶乘.obj
d:\vs_workspace\maths_problem\maths_problem\debug\a+b_60.obj
d:\vs_workspace\maths_problem\maths_problem\debug\n的阶乘_test.obj
d:\vs_workspace\maths_problem\maths_problem\debug\两个大数相乘.obj
d:\vs_workspace\maths_problem\maths_problem\debug\进制转换_test.obj
d:\vs_workspace\maths_problem\maths_problem\debug\a-b.obj
d:\vs_workspace\maths_problem\maths_problem\debug\大整数排序.obj
d:\vs_workspace\maths_problem\maths_problem\debug\大数加法_test.obj
d:\vs_workspace\maths_problem\maths_problem\debug\质因数个数_54.obj
d:\vs_workspace\maths_problem\maths_problem\debug\整除问题_test.obj
d:\vs_workspace\maths_problem\maths_problem\debug\进制转换.obj
d:\vs_workspace\maths_problem\maths_problem\debug\素数_test.obj
d:\vs_workspace\maths_problem\maths_problem\debug\分解素因数.obj
d:\vs_workspace\maths_problem\debug\maths_problem.exe
d:\vs_workspace\maths_problem\debug\maths_problem.ilk
d:\vs_workspace\maths_problem\debug\maths_problem.pdb
d:\vs_workspace\maths_problem\maths_problem\debug\大数相加_test2.obj
d:\vs_workspace\maths_problem\maths_problem\debug\a-b.obj.enc
d:\vs_workspace\maths_problem\maths_problem\debug\maths_problem.tlog\cl.command.1.tlog
d:\vs_workspace\maths_problem\maths_problem\debug\maths_problem.tlog\cl.read.1.tlog
d:\vs_workspace\maths_problem\maths_problem\debug\maths_problem.tlog\cl.write.1.tlog
d:\vs_workspace\maths_problem\maths_problem\debug\maths_problem.tlog\link.command.1.tlog
d:\vs_workspace\maths_problem\maths_problem\debug\maths_problem.tlog\link.read.1.tlog
d:\vs_workspace\maths_problem\maths_problem\debug\maths_problem.tlog\link.write.1.tlog
